# JRE version: Java(TM) SE Runtime Environment (8.0_202-b08) (build 1.8.0_202-b08)
# Java VM: Java HotSpot(TM) 64-Bit Server VM (25.202-b08 mixed mode windows-amd64 compressed oops)
Heap:
 PSYoungGen      total 1163776K, used 159081K [0x000000066ab00000, 0x00000006b8b80000, 0x00000007c0000000)
  eden space 1099264K, 9% used [0x000000066ab00000,0x00000006710238b8,0x00000006adc80000)
  from space 64512K, 86% used [0x00000006b4c80000,0x00000006b82b6cc0,0x00000006b8b80000)
  to   space 89600K, 0% used [0x00000006adc80000,0x00000006adc80000,0x00000006b3400000)
 ParOldGen       total 175104K, used 75355K [0x00000003c0000000, 0x00000003cab00000, 0x000000066ab00000)
  object space 175104K, 43% used [0x00000003c0000000,0x00000003c4996c30,0x00000003cab00000)
 Metaspace       used 34094K, capacity 34626K, committed 34944K, reserved 1081344K
  class space    used 3803K, capacity 3923K, committed 3968K, reserved 1048576K
GC Heap History (10 events):
Event: 59.520 GC heap before
{Heap before GC invocations=13 (full 1):
 PSYoungGen      total 570880K, used 563451K [0x000000066ab00000, 0x000000069c700000, 0x00000007c0000000)
  eden space 507904K, 100% used [0x000000066ab00000,0x0000000689b00000,0x0000000689b00000)
  from space 62976K, 88% used [0x0000000689b00000,0x000000068d13ecc0,0x000000068d880000)
  to   space 70656K, 0% used [0x0000000698200000,0x0000000698200000,0x000000069c700000)
 ParOldGen       total 175104K, used 75179K [0x00000003c0000000, 0x00000003cab00000, 0x000000066ab00000)
  object space 175104K, 42% used [0x00000003c0000000,0x00000003c496ac30,0x00000003cab00000)
 Metaspace       used 33149K, capacity 33642K, committed 33920K, reserved 1079296K
  class space    used 3738K, capacity 3853K, committed 3968K, reserved 1048576K
Event: 59.537 GC heap after
Heap after GC invocations=13 (full 1):
 PSYoungGen      total 738304K, used 55483K [0x000000066ab00000, 0x000000069d980000, 0x00000007c0000000)
  eden space 667648K, 0% used [0x000000066ab00000,0x000000066ab00000,0x0000000693700000)
  from space 70656K, 78% used [0x0000000698200000,0x000000069b82ecc0,0x000000069c700000)
  to   space 76800K, 0% used [0x0000000693700000,0x0000000693700000,0x0000000698200000)
 ParOldGen       total 175104K, used 75227K [0x00000003c0000000, 0x00000003cab00000, 0x000000066ab00000)
  object space 175104K, 42% used [0x00000003c0000000,0x00000003c4976c30,0x00000003cab00000)
 Metaspace       used 33149K, capacity 33642K, committed 33920K, reserved 1079296K
  class space    used 3738K, capacity 3853K, committed 3968K, reserved 1048576K
}
Event: 62.954 GC heap before
{Heap before GC invocations=14 (full 1):
 PSYoungGen      total 738304K, used 723131K [0x000000066ab00000, 0x000000069d980000, 0x00000007c0000000)
  eden space 667648K, 100% used [0x000000066ab00000,0x0000000693700000,0x0000000693700000)
  from space 70656K, 78% used [0x0000000698200000,0x000000069b82ecc0,0x000000069c700000)
  to   space 76800K, 0% used [0x0000000693700000,0x0000000693700000,0x0000000698200000)
 ParOldGen       total 175104K, used 75227K [0x00000003c0000000, 0x00000003cab00000, 0x000000066ab00000)
  object space 175104K, 42% used [0x00000003c0000000,0x00000003c4976c30,0x00000003cab00000)
 Metaspace       used 33182K, capacity 33642K, committed 33920K, reserved 1079296K
  class space    used 3738K, capacity 3853K, committed 3968K, reserved 1048576K
Event: 62.980 GC heap after
Heap after GC invocations=14 (full 1):
 PSYoungGen      total 744448K, used 55387K [0x000000066ab00000, 0x00000006aa980000, 0x00000007c0000000)
  eden space 667648K, 0% used [0x000000066ab00000,0x000000066ab00000,0x0000000693700000)
  from space 76800K, 72% used [0x0000000693700000,0x0000000696d16cc0,0x0000000698200000)
  to   space 81920K, 0% used [0x00000006a5980000,0x00000006a5980000,0x00000006aa980000)
 ParOldGen       total 175104K, used 75283K [0x00000003c0000000, 0x00000003cab00000, 0x000000066ab00000)
  object space 175104K, 42% used [0x00000003c0000000,0x00000003c4984c30,0x00000003cab00000)
 Metaspace       used 33182K, capacity 33642K, committed 33920K, reserved 1079296K
  class space    used 3738K, capacity 3853K, committed 3968K, reserved 1048576K
}
Event: 65.015 GC heap before
{Heap before GC invocations=15 (full 1):
 PSYoungGen      total 744448K, used 720399K [0x000000066ab00000, 0x00000006aa980000, 0x00000007c0000000)
  eden space 667648K, 99% used [0x000000066ab00000,0x000000069346cfb8,0x0000000693700000)
  from space 76800K, 72% used [0x0000000693700000,0x0000000696d16cc0,0x0000000698200000)
  to   space 81920K, 0% used [0x00000006a5980000,0x00000006a5980000,0x00000006aa980000)
 ParOldGen       total 175104K, used 75283K [0x00000003c0000000, 0x00000003cab00000, 0x000000066ab00000)
  object space 175104K, 42% used [0x00000003c0000000,0x00000003c4984c30,0x00000003cab00000)
 Metaspace       used 33245K, capacity 33770K, committed 34176K, reserved 1079296K
  class space    used 3738K, capacity 3853K, committed 3968K, reserved 1048576K
Event: 65.033 GC heap after
Heap after GC invocations=15 (full 1):
 PSYoungGen      total 957952K, used 55451K [0x000000066ab00000, 0x00000006aa980000, 0x00000007c0000000)
  eden space 876032K, 0% used [0x000000066ab00000,0x000000066ab00000,0x00000006a0280000)
  from space 81920K, 67% used [0x00000006a5980000,0x00000006a8fa6cc0,0x00000006aa980000)
  to   space 85504K, 0% used [0x00000006a0280000,0x00000006a0280000,0x00000006a5600000)
 ParOldGen       total 175104K, used 75307K [0x00000003c0000000, 0x00000003cab00000, 0x000000066ab00000)
  object space 175104K, 43% used [0x00000003c0000000,0x00000003c498ac30,0x00000003cab00000)
 Metaspace       used 33245K, capacity 33770K, committed 34176K, reserved 1079296K
  class space    used 3738K, capacity 3853K, committed 3968K, reserved 1048576K
}
Event: 69.046 GC heap before
{Heap before GC invocations=16 (full 1):
 PSYoungGen      total 957952K, used 931483K [0x000000066ab00000, 0x00000006aa980000, 0x00000007c0000000)
  eden space 876032K, 100% used [0x000000066ab00000,0x00000006a0280000,0x00000006a0280000)
  from space 81920K, 67% used [0x00000006a5980000,0x00000006a8fa6cc0,0x00000006aa980000)
  to   space 85504K, 0% used [0x00000006a0280000,0x00000006a0280000,0x00000006a5600000)
 ParOldGen       total 175104K, used 75307K [0x00000003c0000000, 0x00000003cab00000, 0x000000066ab00000)
  object space 175104K, 43% used [0x00000003c0000000,0x00000003c498ac30,0x00000003cab00000)
 Metaspace       used 33259K, capacity 33770K, committed 34176K, reserved 1079296K
  class space    used 3738K, capacity 3853K, committed 3968K, reserved 1048576K
Event: 69.062 GC heap after
Heap after GC invocations=16 (full 1):
 PSYoungGen      total 961536K, used 55515K [0x000000066ab00000, 0x00000006ba280000, 0x00000007c0000000)
  eden space 876032K, 0% used [0x000000066ab00000,0x000000066ab00000,0x00000006a0280000)
  from space 85504K, 64% used [0x00000006a0280000,0x00000006a38b6cc0,0x00000006a5600000)
  to   space 88064K, 0% used [0x00000006b4c80000,0x00000006b4c80000,0x00000006ba280000)
 ParOldGen       total 175104K, used 75347K [0x00000003c0000000, 0x00000003cab00000, 0x000000066ab00000)
  object space 175104K, 43% used [0x00000003c0000000,0x00000003c4994c30,0x00000003cab00000)
 Metaspace       used 33259K, capacity 33770K, committed 34176K, reserved 1079296K
  class space    used 3738K, capacity 3853K, committed 3968K, reserved 1048576K
}
Event: 75.875 GC heap before
{Heap before GC invocations=17 (full 1):
 PSYoungGen      total 961536K, used 931547K [0x000000066ab00000, 0x00000006ba280000, 0x00000007c0000000)
  eden space 876032K, 100% used [0x000000066ab00000,0x00000006a0280000,0x00000006a0280000)
  from space 85504K, 64% used [0x00000006a0280000,0x00000006a38b6cc0,0x00000006a5600000)
  to   space 88064K, 0% used [0x00000006b4c80000,0x00000006b4c80000,0x00000006ba280000)
 ParOldGen       total 175104K, used 75347K [0x00000003c0000000, 0x00000003cab00000, 0x000000066ab00000)
  object space 175104K, 43% used [0x00000003c0000000,0x00000003c4994c30,0x00000003cab00000)
 Metaspace       used 33310K, capacity 33834K, committed 34176K, reserved 1079296K
  class space    used 3738K, capacity 3853K, committed 3968K, reserved 1048576K
Event: 75.891 GC heap after
Heap after GC invocations=17 (full 1):
 PSYoungGen      total 1163776K, used 55515K [0x000000066ab00000, 0x00000006b8b80000, 0x00000007c0000000)
  eden space 1099264K, 0% used [0x000000066ab00000,0x000000066ab00000,0x00000006adc80000)
  from space 64512K, 86% used [0x00000006b4c80000,0x00000006b82b6cc0,0x00000006b8b80000)
  to   space 89600K, 0% used [0x00000006adc80000,0x00000006adc80000,0x00000006b3400000)
 ParOldGen       total 175104K, used 75355K [0x00000003c0000000, 0x00000003cab00000, 0x000000066ab00000)
  object space 175104K, 43% used [0x00000003c0000000,0x00000003c4996c30,0x00000003cab00000)
 Metaspace       used 33310K, capacity 33834K, committed 34176K, reserved 1079296K
  class space    used 3738K, capacity 3853K, committed 3968K, reserved 1048576K
}

