# JRE version: Java(TM) SE Runtime Environment (8.0_202-b08) (build 1.8.0_202-b08)
# Java VM: Java HotSpot(TM) 64-Bit Server VM (25.202-b08 mixed mode windows-amd64 compressed oops)
Heap:
 PSYoungGen      total 57856K, used 48217K [0x000000076af00000, 0x0000000771a80000, 0x00000007c0000000)
  eden space 18432K, 80% used [0x000000076af00000,0x000000076bd7e380,0x000000076c100000)
  from space 39424K, 84% used [0x000000076eb80000,0x0000000770c18318,0x0000000771200000)
  to   space 43520K, 0% used [0x000000076c100000,0x000000076c100000,0x000000076eb80000)
 ParOldGen       total 68096K, used 54037K [0x00000006c0c00000, 0x00000006c4e80000, 0x000000076af00000)
  object space 68096K, 79% used [0x00000006c0c00000,0x00000006c40c5450,0x00000006c4e80000)
 Metaspace       used 10891K, capacity 11088K, committed 11264K, reserved 1058816K
  class space    used 1195K, capacity 1246K, committed 1280K, reserved 1048576K
GC Heap History (10 events):
Event: 3.247 GC heap before
{Heap before GC invocations=22 (full 4):
 PSYoungGen      total 46080K, used 46053K [0x000000076af00000, 0x000000076fe00000, 0x00000007c0000000)
  eden space 23040K, 100% used [0x000000076af00000,0x000000076c580000,0x000000076c580000)
  from space 23040K, 99% used [0x000000076c580000,0x000000076dbf94f0,0x000000076dc00000)
  to   space 28160K, 0% used [0x000000076e280000,0x000000076e280000,0x000000076fe00000)
 ParOldGen       total 68096K, used 47108K [0x00000006c0c00000, 0x00000006c4e80000, 0x000000076af00000)
  object space 68096K, 69% used [0x00000006c0c00000,0x00000006c3a01160,0x00000006c4e80000)
 Metaspace       used 8683K, capacity 9172K, committed 9472K, reserved 1058816K
  class space    used 941K, capacity 976K, committed 1024K, reserved 1048576K
Event: 3.260 GC heap after
Heap after GC invocations=22 (full 4):
 PSYoungGen      total 50176K, used 21884K [0x000000076af00000, 0x0000000770300000, 0x00000007c0000000)
  eden space 22016K, 0% used [0x000000076af00000,0x000000076af00000,0x000000076c480000)
  from space 28160K, 77% used [0x000000076e280000,0x000000076f7df058,0x000000076fe00000)
  to   space 30720K, 0% used [0x000000076c480000,0x000000076c480000,0x000000076e280000)
 ParOldGen       total 68096K, used 54005K [0x00000006c0c00000, 0x00000006c4e80000, 0x000000076af00000)
  object space 68096K, 79% used [0x00000006c0c00000,0x00000006c40bd450,0x00000006c4e80000)
 Metaspace       used 8683K, capacity 9172K, committed 9472K, reserved 1058816K
  class space    used 941K, capacity 976K, committed 1024K, reserved 1048576K
}
Event: 4.079 GC heap before
{Heap before GC invocations=23 (full 4):
 PSYoungGen      total 50176K, used 43900K [0x000000076af00000, 0x0000000770300000, 0x00000007c0000000)
  eden space 22016K, 100% used [0x000000076af00000,0x000000076c480000,0x000000076c480000)
  from space 28160K, 77% used [0x000000076e280000,0x000000076f7df058,0x000000076fe00000)
  to   space 30720K, 0% used [0x000000076c480000,0x000000076c480000,0x000000076e280000)
 ParOldGen       total 68096K, used 54005K [0x00000006c0c00000, 0x00000006c4e80000, 0x000000076af00000)
  object space 68096K, 79% used [0x00000006c0c00000,0x00000006c40bd450,0x00000006c4e80000)
 Metaspace       used 9169K, capacity 9610K, committed 9728K, reserved 1058816K
  class space    used 977K, capacity 1014K, committed 1024K, reserved 1048576K
Event: 4.089 GC heap after
Heap after GC invocations=23 (full 4):
 PSYoungGen      total 52736K, used 25275K [0x000000076af00000, 0x0000000770800000, 0x00000007c0000000)
  eden space 22016K, 0% used [0x000000076af00000,0x000000076af00000,0x000000076c480000)
  from space 30720K, 82% used [0x000000076c480000,0x000000076dd2ee78,0x000000076e280000)
  to   space 33792K, 0% used [0x000000076e700000,0x000000076e700000,0x0000000770800000)
 ParOldGen       total 68096K, used 54013K [0x00000006c0c00000, 0x00000006c4e80000, 0x000000076af00000)
  object space 68096K, 79% used [0x00000006c0c00000,0x00000006c40bf450,0x00000006c4e80000)
 Metaspace       used 9169K, capacity 9610K, committed 9728K, reserved 1058816K
  class space    used 977K, capacity 1014K, committed 1024K, reserved 1048576K
}
Event: 4.466 GC heap before
{Heap before GC invocations=24 (full 4):
 PSYoungGen      total 52736K, used 47278K [0x000000076af00000, 0x0000000770800000, 0x00000007c0000000)
  eden space 22016K, 99% used [0x000000076af00000,0x000000076c47ca60,0x000000076c480000)
  from space 30720K, 82% used [0x000000076c480000,0x000000076dd2ee78,0x000000076e280000)
  to   space 33792K, 0% used [0x000000076e700000,0x000000076e700000,0x0000000770800000)
 ParOldGen       total 68096K, used 54013K [0x00000006c0c00000, 0x00000006c4e80000, 0x000000076af00000)
  object space 68096K, 79% used [0x00000006c0c00000,0x00000006c40bf450,0x00000006c4e80000)
 Metaspace       used 10100K, capacity 10308K, committed 10496K, reserved 1058816K
  class space    used 1115K, capacity 1180K, committed 1280K, reserved 1048576K
Event: 4.478 GC heap after
Heap after GC invocations=24 (full 4):
 PSYoungGen      total 54784K, used 25719K [0x000000076af00000, 0x0000000770d00000, 0x00000007c0000000)
  eden space 20992K, 0% used [0x000000076af00000,0x000000076af00000,0x000000076c380000)
  from space 33792K, 76% used [0x000000076e700000,0x000000077001dcd8,0x0000000770800000)
  to   space 36352K, 0% used [0x000000076c380000,0x000000076c380000,0x000000076e700000)
 ParOldGen       total 68096K, used 54021K [0x00000006c0c00000, 0x00000006c4e80000, 0x000000076af00000)
  object space 68096K, 79% used [0x00000006c0c00000,0x00000006c40c1450,0x00000006c4e80000)
 Metaspace       used 10100K, capacity 10308K, committed 10496K, reserved 1058816K
  class space    used 1115K, capacity 1180K, committed 1280K, reserved 1048576K
}
Event: 4.647 GC heap before
{Heap before GC invocations=25 (full 4):
 PSYoungGen      total 54784K, used 46711K [0x000000076af00000, 0x0000000770d00000, 0x00000007c0000000)
  eden space 20992K, 100% used [0x000000076af00000,0x000000076c380000,0x000000076c380000)
  from space 33792K, 76% used [0x000000076e700000,0x000000077001dcd8,0x0000000770800000)
  to   space 36352K, 0% used [0x000000076c380000,0x000000076c380000,0x000000076e700000)
 ParOldGen       total 68096K, used 54021K [0x00000006c0c00000, 0x00000006c4e80000, 0x000000076af00000)
  object space 68096K, 79% used [0x00000006c0c00000,0x00000006c40c1450,0x00000006c4e80000)
 Metaspace       used 10866K, capacity 11082K, committed 11264K, reserved 1058816K
  class space    used 1194K, capacity 1245K, committed 1280K, reserved 1048576K
Event: 4.659 GC heap after
Heap after GC invocations=25 (full 4):
 PSYoungGen      total 57344K, used 28221K [0x000000076af00000, 0x0000000771200000, 0x00000007c0000000)
  eden space 20992K, 0% used [0x000000076af00000,0x000000076af00000,0x000000076c380000)
  from space 36352K, 77% used [0x000000076c380000,0x000000076df0f748,0x000000076e700000)
  to   space 39424K, 0% used [0x000000076eb80000,0x000000076eb80000,0x0000000771200000)
 ParOldGen       total 68096K, used 54029K [0x00000006c0c00000, 0x00000006c4e80000, 0x000000076af00000)
  object space 68096K, 79% used [0x00000006c0c00000,0x00000006c40c3450,0x00000006c4e80000)
 Metaspace       used 10866K, capacity 11082K, committed 11264K, reserved 1058816K
  class space    used 1194K, capacity 1245K, committed 1280K, reserved 1048576K
}
Event: 4.791 GC heap before
{Heap before GC invocations=26 (full 4):
 PSYoungGen      total 57344K, used 49213K [0x000000076af00000, 0x0000000771200000, 0x00000007c0000000)
  eden space 20992K, 100% used [0x000000076af00000,0x000000076c380000,0x000000076c380000)
  from space 36352K, 77% used [0x000000076c380000,0x000000076df0f748,0x000000076e700000)
  to   space 39424K, 0% used [0x000000076eb80000,0x000000076eb80000,0x0000000771200000)
 ParOldGen       total 68096K, used 54029K [0x00000006c0c00000, 0x00000006c4e80000, 0x000000076af00000)
  object space 68096K, 79% used [0x00000006c0c00000,0x00000006c40c3450,0x00000006c4e80000)
 Metaspace       used 10876K, capacity 11088K, committed 11264K, reserved 1058816K
  class space    used 1195K, capacity 1246K, committed 1280K, reserved 1048576K
Event: 4.809 GC heap after
Heap after GC invocations=26 (full 4):
 PSYoungGen      total 57856K, used 33376K [0x000000076af00000, 0x0000000771a80000, 0x00000007c0000000)
  eden space 18432K, 0% used [0x000000076af00000,0x000000076af00000,0x000000076c100000)
  from space 39424K, 84% used [0x000000076eb80000,0x0000000770c18318,0x0000000771200000)
  to   space 43520K, 0% used [0x000000076c100000,0x000000076c100000,0x000000076eb80000)
 ParOldGen       total 68096K, used 54037K [0x00000006c0c00000, 0x00000006c4e80000, 0x000000076af00000)
  object space 68096K, 79% used [0x00000006c0c00000,0x00000006c40c5450,0x00000006c4e80000)
 Metaspace       used 10876K, capacity 11088K, committed 11264K, reserved 1058816K
  class space    used 1195K, capacity 1246K, committed 1280K, reserved 1048576K
}

