# JRE version: Java(TM) SE Runtime Environment (8.0_202-b08) (build 1.8.0_202-b08)
# Java VM: Java HotSpot(TM) 64-Bit Server VM (25.202-b08 mixed mode windows-amd64 compressed oops)
Heap:
 PSYoungGen      total 28160K, used 6647K [0x000000076af00000, 0x000000076d300000, 0x00000007c0000000)
  eden space 21504K, 0% used [0x000000076af00000,0x000000076af00000,0x000000076c400000)
  from space 6656K, 99% used [0x000000076c400000,0x000000076ca7de18,0x000000076ca80000)
  to   space 4608K, 0% used [0x000000076ca80000,0x000000076ca80000,0x000000076cf00000)
 ParOldGen       total 14848K, used 11577K [0x00000006c0c00000, 0x00000006c1a80000, 0x000000076af00000)
  object space 14848K, 77% used [0x00000006c0c00000,0x00000006c174e6b0,0x00000006c1a80000)
 Metaspace       used 7739K, capacity 8436K, committed 8704K, reserved 1056768K
  class space    used 903K, capacity 944K, committed 1024K, reserved 1048576K
GC Heap History (10 events):
Event: 0.750 GC heap after
Heap after GC invocations=6 (full 0):
 PSYoungGen      total 13824K, used 2040K [0x000000076af00000, 0x000000076c000000, 0x00000007c0000000)
  eden space 11776K, 0% used [0x000000076af00000,0x000000076af00000,0x000000076ba80000)
  from space 2048K, 99% used [0x000000076bd00000,0x000000076befe0b8,0x000000076bf00000)
  to   space 2560K, 0% used [0x000000076ba80000,0x000000076ba80000,0x000000076bd00000)
 ParOldGen       total 5632K, used 2732K [0x00000006c0c00000, 0x00000006c1180000, 0x000000076af00000)
  object space 5632K, 48% used [0x00000006c0c00000,0x00000006c0eab050,0x00000006c1180000)
 Metaspace       used 7548K, capacity 8308K, committed 8448K, reserved 1056768K
  class space    used 899K, capacity 944K, committed 1024K, reserved 1048576K
}
Event: 0.900 GC heap before
{Heap before GC invocations=7 (full 0):
 PSYoungGen      total 13824K, used 13816K [0x000000076af00000, 0x000000076c000000, 0x00000007c0000000)
  eden space 11776K, 100% used [0x000000076af00000,0x000000076ba80000,0x000000076ba80000)
  from space 2048K, 99% used [0x000000076bd00000,0x000000076befe0b8,0x000000076bf00000)
  to   space 2560K, 0% used [0x000000076ba80000,0x000000076ba80000,0x000000076bd00000)
 ParOldGen       total 5632K, used 2732K [0x00000006c0c00000, 0x00000006c1180000, 0x000000076af00000)
  object space 5632K, 48% used [0x00000006c0c00000,0x00000006c0eab050,0x00000006c1180000)
 Metaspace       used 7696K, capacity 8372K, committed 8704K, reserved 1056768K
  class space    used 903K, capacity 944K, committed 1024K, reserved 1048576K
Event: 0.905 GC heap after
Heap after GC invocations=7 (full 0):
 PSYoungGen      total 14336K, used 2555K [0x000000076af00000, 0x000000076cf00000, 0x00000007c0000000)
  eden space 11776K, 0% used [0x000000076af00000,0x000000076af00000,0x000000076ba80000)
  from space 2560K, 99% used [0x000000076ba80000,0x000000076bcfed68,0x000000076bd00000)
  to   space 4608K, 0% used [0x000000076ca80000,0x000000076ca80000,0x000000076cf00000)
 ParOldGen       total 8704K, used 5765K [0x00000006c0c00000, 0x00000006c1480000, 0x000000076af00000)
  object space 8704K, 66% used [0x00000006c0c00000,0x00000006c11a17e0,0x00000006c1480000)
 Metaspace       used 7696K, capacity 8372K, committed 8704K, reserved 1056768K
  class space    used 903K, capacity 944K, committed 1024K, reserved 1048576K
}
Event: 1.035 GC heap before
{Heap before GC invocations=8 (full 0):
 PSYoungGen      total 14336K, used 14203K [0x000000076af00000, 0x000000076cf00000, 0x00000007c0000000)
  eden space 11776K, 98% used [0x000000076af00000,0x000000076ba60068,0x000000076ba80000)
  from space 2560K, 99% used [0x000000076ba80000,0x000000076bcfed68,0x000000076bd00000)
  to   space 4608K, 0% used [0x000000076ca80000,0x000000076ca80000,0x000000076cf00000)
 ParOldGen       total 8704K, used 5765K [0x00000006c0c00000, 0x00000006c1480000, 0x000000076af00000)
  object space 8704K, 66% used [0x00000006c0c00000,0x00000006c11a17e0,0x00000006c1480000)
 Metaspace       used 7730K, capacity 8372K, committed 8704K, reserved 1056768K
  class space    used 903K, capacity 944K, committed 1024K, reserved 1048576K
Event: 1.042 GC heap after
Heap after GC invocations=8 (full 0):
 PSYoungGen      total 26112K, used 4606K [0x000000076af00000, 0x000000076d300000, 0x00000007c0000000)
  eden space 21504K, 0% used [0x000000076af00000,0x000000076af00000,0x000000076c400000)
  from space 4608K, 99% used [0x000000076ca80000,0x000000076ceff958,0x000000076cf00000)
  to   space 6656K, 0% used [0x000000076c400000,0x000000076c400000,0x000000076ca80000)
 ParOldGen       total 8704K, used 8600K [0x00000006c0c00000, 0x00000006c1480000, 0x000000076af00000)
  object space 8704K, 98% used [0x00000006c0c00000,0x00000006c1466068,0x00000006c1480000)
 Metaspace       used 7730K, capacity 8372K, committed 8704K, reserved 1056768K
  class space    used 903K, capacity 944K, committed 1024K, reserved 1048576K
}
Event: 1.043 GC heap before
{Heap before GC invocations=9 (full 1):
 PSYoungGen      total 26112K, used 4606K [0x000000076af00000, 0x000000076d300000, 0x00000007c0000000)
  eden space 21504K, 0% used [0x000000076af00000,0x000000076af00000,0x000000076c400000)
  from space 4608K, 99% used [0x000000076ca80000,0x000000076ceff958,0x000000076cf00000)
  to   space 6656K, 0% used [0x000000076c400000,0x000000076c400000,0x000000076ca80000)
 ParOldGen       total 8704K, used 8600K [0x00000006c0c00000, 0x00000006c1480000, 0x000000076af00000)
  object space 8704K, 98% used [0x00000006c0c00000,0x00000006c1466068,0x00000006c1480000)
 Metaspace       used 7730K, capacity 8372K, committed 8704K, reserved 1056768K
  class space    used 903K, capacity 944K, committed 1024K, reserved 1048576K
Event: 1.105 GC heap after
Heap after GC invocations=9 (full 1):
 PSYoungGen      total 26112K, used 2520K [0x000000076af00000, 0x000000076d300000, 0x00000007c0000000)
  eden space 21504K, 0% used [0x000000076af00000,0x000000076af00000,0x000000076c400000)
  from space 4608K, 54% used [0x000000076ca80000,0x000000076ccf6370,0x000000076cf00000)
  to   space 6656K, 0% used [0x000000076c400000,0x000000076c400000,0x000000076ca80000)
 ParOldGen       total 14848K, used 8614K [0x00000006c0c00000, 0x00000006c1a80000, 0x000000076af00000)
  object space 14848K, 58% used [0x00000006c0c00000,0x00000006c14698f8,0x00000006c1a80000)
 Metaspace       used 7730K, capacity 8372K, committed 8704K, reserved 1056768K
  class space    used 903K, capacity 944K, committed 1024K, reserved 1048576K
}
Event: 1.237 GC heap before
{Heap before GC invocations=10 (full 1):
 PSYoungGen      total 26112K, used 24024K [0x000000076af00000, 0x000000076d300000, 0x00000007c0000000)
  eden space 21504K, 100% used [0x000000076af00000,0x000000076c400000,0x000000076c400000)
  from space 4608K, 54% used [0x000000076ca80000,0x000000076ccf6370,0x000000076cf00000)
  to   space 6656K, 0% used [0x000000076c400000,0x000000076c400000,0x000000076ca80000)
 ParOldGen       total 14848K, used 8614K [0x00000006c0c00000, 0x00000006c1a80000, 0x000000076af00000)
  object space 14848K, 58% used [0x00000006c0c00000,0x00000006c14698f8,0x00000006c1a80000)
 Metaspace       used 7739K, capacity 8436K, committed 8704K, reserved 1056768K
  class space    used 903K, capacity 944K, committed 1024K, reserved 1048576K
Event: 1.248 GC heap after
Heap after GC invocations=10 (full 1):
 PSYoungGen      total 28160K, used 6647K [0x000000076af00000, 0x000000076d300000, 0x00000007c0000000)
  eden space 21504K, 0% used [0x000000076af00000,0x000000076af00000,0x000000076c400000)
  from space 6656K, 99% used [0x000000076c400000,0x000000076ca7de18,0x000000076ca80000)
  to   space 4608K, 0% used [0x000000076ca80000,0x000000076ca80000,0x000000076cf00000)
 ParOldGen       total 14848K, used 11577K [0x00000006c0c00000, 0x00000006c1a80000, 0x000000076af00000)
  object space 14848K, 77% used [0x00000006c0c00000,0x00000006c174e6b0,0x00000006c1a80000)
 Metaspace       used 7739K, capacity 8436K, committed 8704K, reserved 1056768K
  class space    used 903K, capacity 944K, committed 1024K, reserved 1048576K
}
Event: 1.248 GC heap before
{Heap before GC invocations=11 (full 2):
 PSYoungGen      total 28160K, used 6647K [0x000000076af00000, 0x000000076d300000, 0x00000007c0000000)
  eden space 21504K, 0% used [0x000000076af00000,0x000000076af00000,0x000000076c400000)
  from space 6656K, 99% used [0x000000076c400000,0x000000076ca7de18,0x000000076ca80000)
  to   space 4608K, 0% used [0x000000076ca80000,0x000000076ca80000,0x000000076cf00000)
 ParOldGen       total 14848K, used 11577K [0x00000006c0c00000, 0x00000006c1a80000, 0x000000076af00000)
  object space 14848K, 77% used [0x00000006c0c00000,0x00000006c174e6b0,0x00000006c1a80000)
 Metaspace       used 7739K, capacity 8436K, committed 8704K, reserved 1056768K
  class space    used 903K, capacity 944K, committed 1024K, reserved 1048576K

